{"message":"undefined - API Server Start At Port 3000","level":"info","timestamp":"2021-08-26 00:01:00"}
{"message":"undefined - API Server Start At Port undefined","level":"info","timestamp":"2021-08-26 00:18:49"}
{"message":"undefined - API Server Start At Port 3000","level":"info","timestamp":"2021-08-26 00:19:05"}
{"message":"undefined - API Server Start At Port 3000","level":"info","timestamp":"2021-08-26 02:33:54"}
{"message":"undefined - API Server Start At Port 3000","level":"info","timestamp":"2021-08-26 02:36:19"}
{"message":"undefined - API Server Start At Port 3000","level":"info","timestamp":"2021-08-26 02:45:05"}
{"message":"undefined - API Server Start At Port 3000","level":"info","timestamp":"2021-08-26 02:45:37"}
{"message":"undefined - API Server Start At Port 3000","level":"info","timestamp":"2021-08-26 03:00:18"}
{"message":"undefined - API Server Start At Port 3000","level":"info","timestamp":"2021-08-26 04:32:36"}
{"message":"undefined - API Server Start At Port 3000","level":"info","timestamp":"2021-08-26 04:33:19"}
{"message":"App - postSignIn Service error\n: userId is not defined \n{}","level":"error","timestamp":"2021-08-26 04:33:29"}
{"message":"undefined - API Server Start At Port 3000","level":"info","timestamp":"2021-08-26 04:36:00"}
{"message":"App - postSignIn Service error\n: userId is not defined \n{}","level":"error","timestamp":"2021-08-26 04:36:20"}
{"message":"undefined - API Server Start At Port 3000","level":"info","timestamp":"2021-08-26 04:37:56"}
{"message":"undefined - API Server Start At Port 3000","level":"info","timestamp":"2021-08-26 04:38:42"}
{"message":"App - postSignIn Service error\n: userId is not defined \n{}","level":"error","timestamp":"2021-08-26 04:38:43"}
{"message":"undefined - API Server Start At Port 3000","level":"info","timestamp":"2021-08-26 04:39:16"}
{"message":"App - postSignIn Service error\n: userId is not defined \n{}","level":"error","timestamp":"2021-08-26 04:39:18"}
{"message":"undefined - API Server Start At Port 3000","level":"info","timestamp":"2021-08-26 04:40:04"}
{"message":"undefined - API Server Start At Port 3000","level":"info","timestamp":"2021-08-26 04:49:47"}
{"message":"App - Logout Service error\n: Table 'mangoplateDB.Jwt' doesn't exist","level":"error","timestamp":"2021-08-26 04:49:49"}
{"message":"undefined - API Server Start At Port 3000","level":"info","timestamp":"2021-08-26 04:52:26"}
{"message":"undefined - API Server Start At Port 3000","level":"info","timestamp":"2021-08-26 04:53:03"}
{"message":"App - Logout Service error\n: Cannot destructure property `isSuccess` of 'undefined' or 'null'.","level":"error","timestamp":"2021-08-26 04:53:11"}
{"message":"undefined - API Server Start At Port 3000","level":"info","timestamp":"2021-08-26 04:54:08"}
{"message":"undefined - API Server Start At Port 3000","level":"info","timestamp":"2021-08-26 04:59:01"}
{"message":"App - postSignIn Service error\n: userId is not defined \n{}","level":"error","timestamp":"2021-08-26 04:59:08"}
{"message":"undefined - API Server Start At Port 3000","level":"info","timestamp":"2021-08-26 04:59:35"}
{"message":"App - postSignIn Service error\n: userId is not defined \n{}","level":"error","timestamp":"2021-08-26 04:59:36"}
{"message":"undefined - API Server Start At Port 3000","level":"info","timestamp":"2021-08-26 04:59:56"}
{"message":"App - Logout Service error\n: loginUserRow is not defined","level":"error","timestamp":"2021-08-26 05:00:15"}
{"message":"undefined - API Server Start At Port 3000","level":"info","timestamp":"2021-08-26 05:00:48"}
{"message":"undefined - API Server Start At Port 3000","level":"info","timestamp":"2021-08-26 05:02:02"}
{"message":"undefined - API Server Start At Port 3000","level":"info","timestamp":"2021-08-26 05:02:12"}
{"message":"undefined - API Server Start At Port 3000","level":"info","timestamp":"2021-08-26 05:02:46"}
{"message":"undefined - API Server Start At Port undefined","level":"info","timestamp":"2021-08-26 15:40:17"}
{"message":"undefined - API Server Start At Port 3000","level":"info","timestamp":"2021-08-26 15:40:28"}
{"message":"undefined - API Server Start At Port 3000","level":"info","timestamp":"2021-08-26 15:44:16"}
{"message":"undefined - API Server Start At Port 3000","level":"info","timestamp":"2021-08-26 16:21:42"}
{"message":"undefined - API Server Start At Port 3000","level":"info","timestamp":"2021-08-26 16:25:51"}
{"message":"undefined - API Server Start At Port 3000","level":"info","timestamp":"2021-08-26 16:26:06"}
{"message":"undefined - API Server Start At Port 3000","level":"info","timestamp":"2021-08-26 16:26:40"}
{"message":"undefined - API Server Start At Port 3000","level":"info","timestamp":"2021-08-26 16:26:53"}
{"message":"undefined - API Server Start At Port 3000","level":"info","timestamp":"2021-08-26 16:27:42"}
{"message":"undefined - API Server Start At Port 3000","level":"info","timestamp":"2021-08-26 16:30:22"}
{"message":"undefined - API Server Start At Port undefined","level":"info","timestamp":"2021-08-26 17:17:20"}
{"message":"undefined - API Server Start At Port undefined","level":"info","timestamp":"2021-08-26 17:20:04"}
{"message":"undefined - API Server Start At Port 3000","level":"info","timestamp":"2021-08-26 17:20:19"}
{"message":"undefined - API Server Start At Port 3000","level":"info","timestamp":"2021-08-26 17:21:48"}
{"message":"undefined - API Server Start At Port 3000","level":"info","timestamp":"2021-08-26 17:22:05"}
{"message":"undefined - API Server Start At Port 3000","level":"info","timestamp":"2021-08-26 17:22:28"}
{"message":"App - createPurchase Service error\n: insertPurchaseQuery is not defined","level":"error","timestamp":"2021-08-26 17:22:30"}
{"message":"undefined - API Server Start At Port 3000","level":"info","timestamp":"2021-08-26 17:22:47"}
{"message":"undefined - API Server Start At Port 3000","level":"info","timestamp":"2021-08-26 17:35:23"}
{"message":"App - updatePurchase Service error\n: connection.query is not a function","level":"error","timestamp":"2021-08-26 17:36:02"}
{"message":"undefined - API Server Start At Port 3000","level":"info","timestamp":"2021-08-26 17:36:41"}
{"message":"undefined - API Server Start At Port 3000","level":"info","timestamp":"2021-08-26 17:48:08"}
{"message":"undefined - API Server Start At Port 3000","level":"info","timestamp":"2021-08-26 20:39:37"}
{"message":"undefined - API Server Start At Port 3000","level":"info","timestamp":"2021-08-26 20:41:52"}
{"message":"undefined - API Server Start At Port 3000","level":"info","timestamp":"2021-08-26 20:42:45"}
{"message":"undefined - API Server Start At Port 3000","level":"info","timestamp":"2021-08-26 20:43:26"}
{"message":"undefined - API Server Start At Port 3000","level":"info","timestamp":"2021-08-26 20:43:56"}
{"message":"undefined - API Server Start At Port 3000","level":"info","timestamp":"2021-08-26 20:47:24"}
{"message":"undefined - API Server Start At Port 3000","level":"info","timestamp":"2021-08-26 21:34:19"}
{"message":"undefined - API Server Start At Port 3000","level":"info","timestamp":"2021-08-26 21:38:04"}
{"message":"undefined - API Server Start At Port 3000","level":"info","timestamp":"2021-08-26 21:48:33"}
{"message":"App - createVisited Service error\n: reviewDao is not defined","level":"error","timestamp":"2021-08-26 21:48:51"}
{"message":"undefined - API Server Start At Port 3000","level":"info","timestamp":"2021-08-26 21:49:19"}
{"message":"undefined - API Server Start At Port 3000","level":"info","timestamp":"2021-08-26 21:55:29"}
{"message":"undefined - API Server Start At Port 3000","level":"info","timestamp":"2021-08-26 21:55:52"}
{"message":"undefined - API Server Start At Port 3000","level":"info","timestamp":"2021-08-26 21:56:11"}
{"message":"App - createVisited Service error\n: Cannot add or update a child row: a foreign key constraint fails (`mangoplateDB`.`Visited`, CONSTRAINT `FK_Visited_restaurantId_Restaurant_id` FOREIGN KEY (`restaurantId`) REFERENCES `Restaurant` (`id`) ON DELETE RESTRICT ON UPDATE RESTRICT)","level":"error","timestamp":"2021-08-26 21:56:13"}
{"message":"undefined - API Server Start At Port 3000","level":"info","timestamp":"2021-08-26 22:12:21"}
{"message":"undefined - API Server Start At Port 3000","level":"info","timestamp":"2021-08-26 22:13:06"}
{"message":"undefined - API Server Start At Port 3000","level":"info","timestamp":"2021-08-26 22:13:28"}
{"message":"undefined - API Server Start At Port 3000","level":"info","timestamp":"2021-08-26 22:14:30"}
{"message":"undefined - API Server Start At Port 3000","level":"info","timestamp":"2021-08-26 22:14:43"}
{"message":"undefined - API Server Start At Port 3000","level":"info","timestamp":"2021-08-26 22:40:14"}
{"message":"undefined - API Server Start At Port 3000","level":"info","timestamp":"2021-08-26 22:40:25"}
