{"message":"undefined - API Server Start At Port 3000","level":"info","timestamp":"2021-08-21 16:28:37"}
{"message":"undefined - API Server Start At Port 3000","level":"info","timestamp":"2021-08-21 16:32:32"}
{"message":"undefined - API Server Start At Port 3000","level":"info","timestamp":"2021-08-21 16:33:11"}
{"message":"App - editUserPhoneNumber Service error\n: userDao.updatePhoneNumber is not a function","level":"error","timestamp":"2021-08-21 16:33:14"}
{"message":"undefined - API Server Start At Port 3000","level":"info","timestamp":"2021-08-21 16:33:39"}
{"message":"undefined - API Server Start At Port 3000","level":"info","timestamp":"2021-08-21 17:23:01"}
{"message":"undefined - API Server Start At Port 3000","level":"info","timestamp":"2021-08-21 18:26:43"}
{"message":"undefined - API Server Start At Port 3000","level":"info","timestamp":"2021-08-21 19:18:18"}
{"message":"undefined - API Server Start At Port 3000","level":"info","timestamp":"2021-08-21 21:52:20"}
{"message":"undefined - API Server Start At Port 3000","level":"info","timestamp":"2021-08-21 21:57:37"}
{"message":"undefined - API Server Start At Port 3000","level":"info","timestamp":"2021-08-21 22:11:55"}
{"message":"undefined - API Server Start At Port 3000","level":"info","timestamp":"2021-08-21 22:26:41"}
{"message":"undefined - API Server Start At Port 3000","level":"info","timestamp":"2021-08-21 22:29:02"}
{"message":"undefined - API Server Start At Port 3000","level":"info","timestamp":"2021-08-21 22:30:42"}
{"message":"undefined - API Server Start At Port 3000","level":"info","timestamp":"2021-08-21 22:30:59"}
{"message":"App - writeReview Service error\n: insertUserInfoParams is not defined","level":"error","timestamp":"2021-08-21 22:31:01"}
{"message":"undefined - API Server Start At Port 3000","level":"info","timestamp":"2021-08-21 22:31:32"}
{"message":"App - writeReview Service error\n: reviewResult is not defined","level":"error","timestamp":"2021-08-21 22:31:34"}
{"message":"undefined - API Server Start At Port 3000","level":"info","timestamp":"2021-08-21 22:31:57"}
{"message":"undefined - API Server Start At Port 3000","level":"info","timestamp":"2021-08-21 22:35:51"}
{"message":"App - writeReview Service error\n: You have an error in your SQL syntax; check the manual that corresponds to your MySQL server version for the right syntax to use near '?, ?);\n      INSERT INTO RestaurantImage(restaurantId, image)\n      VALUES(?, ?)' at line 2","level":"error","timestamp":"2021-08-21 22:37:07"}
{"message":"undefined - API Server Start At Port 3000","level":"info","timestamp":"2021-08-21 22:37:53"}
{"message":"undefined - API Server Start At Port 3000","level":"info","timestamp":"2021-08-21 22:38:05"}
{"message":"App - writeReview Service error\n: You have an error in your SQL syntax; check the manual that corresponds to your MySQL server version for the right syntax to use near '?, ?);\n      INSERT INTO RestaurantImage(restaurantId, image)\n      VALUES(?, ?)' at line 2","level":"error","timestamp":"2021-08-21 22:38:07"}
{"message":"undefined - API Server Start At Port 3000","level":"info","timestamp":"2021-08-21 22:40:40"}
{"message":"undefined - API Server Start At Port 3000","level":"info","timestamp":"2021-08-21 22:52:29"}
{"message":"undefined - API Server Start At Port 3000","level":"info","timestamp":"2021-08-21 22:53:06"}
{"message":"undefined - API Server Start At Port 3000","level":"info","timestamp":"2021-08-21 22:56:29"}
